<?xml version="1.0" encoding="UTF-8"?>
<!-- Generated by org.testng.reporters.JUnitReportReporter -->
<testsuite hostname="DESKTOP-6OUKOBE" failures="0" tests="2" name="com.abc.magento.StructureOfXml" time="0.046" errors="0" timestamp="17 Jan 2019 09:17:06 GMT" skipped="0">
  <testcase classname="com.abc.magento.StructureOfXml" name="test2" time="0.010"/>
  <testcase classname="com.abc.magento.StructureOfXml" name="test1" time="0.036"/>
</testsuite> <!-- com.abc.magento.StructureOfXml -->
