<?xml version="1.0" encoding="UTF-8"?>
<!-- Generated by org.testng.reporters.JUnitReportReporter -->
<testsuite hostname="DESKTOP-6OUKOBE" failures="0" tests="6" name="com.abc.magento.Loopconcept" time="0.046" errors="0" timestamp="17 Jan 2019 10:03:54 GMT" skipped="1">
  <testcase classname="com.abc.magento.Loopconcept" name="test2" time="0.031"/>
  <testcase classname="com.abc.magento.Loopconcept" name="test2" time="0.000"/>
  <testcase classname="com.abc.magento.Loopconcept" name="test2" time="0.000"/>
  <testcase classname="com.abc.magento.Loopconcept" name="test2" time="0.000"/>
  <testcase classname="com.abc.magento.Loopconcept" name="test2" time="0.015"/>
  <testcase classname="com.abc.magento.Loopconcept" name="test1">
    <skipped/>
  </testcase> <!-- test1 -->
</testsuite> <!-- com.abc.magento.Loopconcept -->
