<?xml version="1.0" encoding="UTF-8"?>
<!-- Generated by org.testng.reporters.JUnitReportReporter -->
<testsuite hostname="DESKTOP-6OUKOBE" failures="0" tests="3" name="com.abc.magento.GroupApp" time="0.031" errors="0" timestamp="17 Jan 2019 08:35:23 GMT" skipped="0">
  <testcase classname="com.abc.magento.GroupApp" name="test3" time="0.000"/>
  <testcase classname="com.abc.magento.GroupApp" name="test1" time="0.000"/>
  <testcase classname="com.abc.magento.GroupApp" name="test0" time="0.031"/>
</testsuite> <!-- com.abc.magento.GroupApp -->
