<?xml version="1.0" encoding="UTF-8"?>
<!-- Generated by org.testng.reporters.JUnitReportReporter -->
<testsuite hostname="DESKTOP-6OUKOBE" failures="0" tests="1" name="com.abc.magento.MagentoApp" time="282.864" errors="0" timestamp="11 Jan 2019 10:17:08 GMT" skipped="0">
  <testcase classname="com.abc.magento.MagentoApp" name="chromeBrowser" time="282.864"/>
</testsuite> <!-- com.abc.magento.MagentoApp -->
